DEPRECATION WARNING: Base#before_save has been deprecated, please use Base.before_save :method instead. (called from /home/user/projects/fedena/vendor/plugins/delayed_job/lib/delayed/job.rb:267)
DEPRECATION WARNING: Base#after_create has been deprecated, please use Base.after_create :method instead. (called from /home/user/projects/fedena/vendor/plugins/delayed_job/lib/delayed/job.rb:271)
DEPRECATION WARNING: Base#before_save has been deprecated, please use Base.before_save :method instead. (called from /home/user/projects/fedena/vendor/plugins/delayed_job/lib/delayed/job.rb:267)
DEPRECATION WARNING: Base#after_create has been deprecated, please use Base.after_create :method instead. (called from /home/user/projects/fedena/vendor/plugins/delayed_job/lib/delayed/job.rb:271)
DEPRECATION WARNING: RAILS_ROOT is deprecated. Please use ::Rails.root.to_s. (called from /home/user/projects/fedena/vendor/plugins/fckeditor/lib/fckeditor.rb:4)
DEPRECATION WARNING: Base#before_save has been deprecated, please use Base.before_save :method instead. (called from /home/user/projects/fedena/vendor/plugins/delayed_job/lib/delayed/job.rb:267)
DEPRECATION WARNING: Base#after_create has been deprecated, please use Base.after_create :method instead. (called from /home/user/projects/fedena/vendor/plugins/delayed_job/lib/delayed/job.rb:271)
DEPRECATION WARNING: RAILS_ROOT is deprecated. Please use ::Rails.root.to_s. (called from /home/user/projects/fedena/vendor/plugins/fckeditor/lib/fckeditor.rb:4)
DEPRECATION WARNING: Base#before_save has been deprecated, please use Base.before_save :method instead. (called from /home/user/projects/fedena/vendor/plugins/delayed_job/lib/delayed/job.rb:267)
DEPRECATION WARNING: Base#after_create has been deprecated, please use Base.after_create :method instead. (called from /home/user/projects/fedena/vendor/plugins/delayed_job/lib/delayed/job.rb:271)
DEPRECATION WARNING: RAILS_ROOT is deprecated. Please use ::Rails.root.to_s. (called from /home/user/projects/fedena/vendor/plugins/fckeditor/lib/fckeditor.rb:4)
DEPRECATION WARNING: Base#before_save has been deprecated, please use Base.before_save :method instead. (called from /home/user/projects/fedena/vendor/plugins/delayed_job/lib/delayed/job.rb:267)
DEPRECATION WARNING: Base#after_create has been deprecated, please use Base.after_create :method instead. (called from /home/user/projects/fedena/vendor/plugins/delayed_job/lib/delayed/job.rb:271)
DEPRECATION WARNING: RAILS_ROOT is deprecated. Please use ::Rails.root.to_s. (called from /home/user/projects/fedena/vendor/plugins/fckeditor/lib/fckeditor.rb:4)
DEPRECATION WARNING: Base#before_save has been deprecated, please use Base.before_save :method instead. (called from /home/user/projects/fedena/vendor/plugins/delayed_job/lib/delayed/job.rb:267)
DEPRECATION WARNING: Base#after_create has been deprecated, please use Base.after_create :method instead. (called from /home/user/projects/fedena/vendor/plugins/delayed_job/lib/delayed/job.rb:271)
DEPRECATION WARNING: RAILS_ROOT is deprecated. Please use ::Rails.root.to_s. (called from /home/user/projects/fedena/vendor/plugins/fckeditor/lib/fckeditor.rb:4)
DEPRECATION WARNING: Base#before_save has been deprecated, please use Base.before_save :method instead. (called from /home/user/projects/fedena/vendor/plugins/delayed_job/lib/delayed/job.rb:267)
DEPRECATION WARNING: Base#after_create has been deprecated, please use Base.after_create :method instead. (called from /home/user/projects/fedena/vendor/plugins/delayed_job/lib/delayed/job.rb:271)
DEPRECATION WARNING: RAILS_ROOT is deprecated. Please use ::Rails.root.to_s. (called from /home/user/projects/fedena/vendor/plugins/fckeditor/lib/fckeditor.rb:4)
DEPRECATION WARNING: Base#before_save has been deprecated, please use Base.before_save :method instead. (called from /home/user/projects/fedena/vendor/plugins/delayed_job/lib/delayed/job.rb:267)
DEPRECATION WARNING: Base#after_create has been deprecated, please use Base.after_create :method instead. (called from /home/user/projects/fedena/vendor/plugins/delayed_job/lib/delayed/job.rb:271)
DEPRECATION WARNING: RAILS_ROOT is deprecated. Please use ::Rails.root.to_s. (called from /home/user/projects/fedena/vendor/plugins/fckeditor/lib/fckeditor.rb:4)
DEPRECATION WARNING: Base#before_save has been deprecated, please use Base.before_save :method instead. (called from /home/user/projects/fedena/vendor/plugins/delayed_job/lib/delayed/job.rb:267)
DEPRECATION WARNING: Base#after_create has been deprecated, please use Base.after_create :method instead. (called from /home/user/projects/fedena/vendor/plugins/delayed_job/lib/delayed/job.rb:271)
DEPRECATION WARNING: RAILS_ROOT is deprecated. Please use ::Rails.root.to_s. (called from /home/user/projects/fedena/vendor/plugins/fckeditor/lib/fckeditor.rb:4)
DEPRECATION WARNING: Base#before_save has been deprecated, please use Base.before_save :method instead. (called from /home/user/projects/fedena/vendor/plugins/delayed_job/lib/delayed/job.rb:267)
DEPRECATION WARNING: Base#after_create has been deprecated, please use Base.after_create :method instead. (called from /home/user/projects/fedena/vendor/plugins/delayed_job/lib/delayed/job.rb:271)
DEPRECATION WARNING: RAILS_ROOT is deprecated. Please use ::Rails.root.to_s. (called from /home/user/projects/fedena/vendor/plugins/fckeditor/lib/fckeditor.rb:4)
DEPRECATION WARNING: Base#before_save has been deprecated, please use Base.before_save :method instead. (called from /home/user/projects/fedena/vendor/plugins/delayed_job/lib/delayed/job.rb:267)
DEPRECATION WARNING: Base#after_create has been deprecated, please use Base.after_create :method instead. (called from /home/user/projects/fedena/vendor/plugins/delayed_job/lib/delayed/job.rb:271)
DEPRECATION WARNING: RAILS_ROOT is deprecated. Please use ::Rails.root.to_s. (called from /home/user/projects/fedena/vendor/plugins/fckeditor/lib/fckeditor.rb:4)
DEPRECATION WARNING: Base#before_save has been deprecated, please use Base.before_save :method instead. (called from /home/user/projects/fedena/vendor/plugins/delayed_job/lib/delayed/job.rb:267)
DEPRECATION WARNING: Base#after_create has been deprecated, please use Base.after_create :method instead. (called from /home/user/projects/fedena/vendor/plugins/delayed_job/lib/delayed/job.rb:271)
DEPRECATION WARNING: RAILS_ROOT is deprecated. Please use ::Rails.root.to_s. (called from /home/user/projects/fedena/vendor/plugins/fckeditor/lib/fckeditor.rb:4)
DEPRECATION WARNING: Base#before_save has been deprecated, please use Base.before_save :method instead. (called from /home/user/projects/fedena/vendor/plugins/delayed_job/lib/delayed/job.rb:267)
DEPRECATION WARNING: Base#after_create has been deprecated, please use Base.after_create :method instead. (called from /home/user/projects/fedena/vendor/plugins/delayed_job/lib/delayed/job.rb:271)
DEPRECATION WARNING: RAILS_ROOT is deprecated. Please use ::Rails.root.to_s. (called from /home/user/projects/fedena/vendor/plugins/fckeditor/lib/fckeditor.rb:4)
DEPRECATION WARNING: Base#before_save has been deprecated, please use Base.before_save :method instead. (called from /home/user/projects/fedena/vendor/plugins/delayed_job/lib/delayed/job.rb:267)
DEPRECATION WARNING: Base#after_create has been deprecated, please use Base.after_create :method instead. (called from /home/user/projects/fedena/vendor/plugins/delayed_job/lib/delayed/job.rb:271)
DEPRECATION WARNING: RAILS_ROOT is deprecated. Please use ::Rails.root.to_s. (called from /home/user/projects/fedena/vendor/plugins/fckeditor/lib/fckeditor.rb:4)
DEPRECATION WARNING: Base#before_save has been deprecated, please use Base.before_save :method instead. (called from /home/user/projects/fedena/vendor/plugins/delayed_job/lib/delayed/job.rb:267)
DEPRECATION WARNING: Base#after_create has been deprecated, please use Base.after_create :method instead. (called from /home/user/projects/fedena/vendor/plugins/delayed_job/lib/delayed/job.rb:271)
DEPRECATION WARNING: RAILS_ROOT is deprecated. Please use ::Rails.root.to_s. (called from /home/user/projects/fedena/vendor/plugins/fckeditor/lib/fckeditor.rb:4)
DEPRECATION WARNING: Base#before_save has been deprecated, please use Base.before_save :method instead. (called from /home/user/projects/fedena/vendor/plugins/delayed_job/lib/delayed/job.rb:267)
DEPRECATION WARNING: Base#after_create has been deprecated, please use Base.after_create :method instead. (called from /home/user/projects/fedena/vendor/plugins/delayed_job/lib/delayed/job.rb:271)
DEPRECATION WARNING: RAILS_ROOT is deprecated. Please use ::Rails.root.to_s. (called from /home/user/projects/fedena/vendor/plugins/fckeditor/lib/fckeditor.rb:4)
DEPRECATION WARNING: Base#before_save has been deprecated, please use Base.before_save :method instead. (called from /home/user/projects/fedena/vendor/plugins/delayed_job/lib/delayed/job.rb:267)
DEPRECATION WARNING: Base#after_create has been deprecated, please use Base.after_create :method instead. (called from /home/user/projects/fedena/vendor/plugins/delayed_job/lib/delayed/job.rb:271)
DEPRECATION WARNING: RAILS_ROOT is deprecated. Please use ::Rails.root.to_s. (called from /home/user/projects/fedena/vendor/plugins/fckeditor/lib/fckeditor.rb:4)
DEPRECATION WARNING: Base#before_save has been deprecated, please use Base.before_save :method instead. (called from /home/user/projects/fedena/vendor/plugins/delayed_job/lib/delayed/job.rb:267)
DEPRECATION WARNING: Base#after_create has been deprecated, please use Base.after_create :method instead. (called from /home/user/projects/fedena/vendor/plugins/delayed_job/lib/delayed/job.rb:271)
DEPRECATION WARNING: RAILS_ROOT is deprecated. Please use ::Rails.root.to_s. (called from /home/user/projects/fedena/vendor/plugins/fckeditor/lib/fckeditor.rb:4)
DEPRECATION WARNING: config.load_paths is deprecated. Please use config.autoload_paths instead. (called from /home/user/projects/fedena/vendor/plugins/fckeditor/init.rb:9)
DEPRECATION WARNING: config.load_paths= is deprecated. Please use config.autoload_paths instead. (called from /home/user/projects/fedena/vendor/plugins/fckeditor/init.rb:9)
DEPRECATION WARNING: Base#before_save has been deprecated, please use Base.before_save :method instead. (called from /home/user/projects/fedena/vendor/plugins/delayed_job/lib/delayed/job.rb:267)
DEPRECATION WARNING: Base#after_create has been deprecated, please use Base.after_create :method instead. (called from /home/user/projects/fedena/vendor/plugins/delayed_job/lib/delayed/job.rb:271)
DEPRECATION WARNING: RAILS_ROOT is deprecated. Please use ::Rails.root.to_s. (called from /home/user/projects/fedena/vendor/plugins/fckeditor/lib/fckeditor.rb:4)
DEPRECATION WARNING: Base#before_save has been deprecated, please use Base.before_save :method instead. (called from /home/user/projects/fedena/vendor/plugins/delayed_job/lib/delayed/job.rb:267)
DEPRECATION WARNING: Base#after_create has been deprecated, please use Base.after_create :method instead. (called from /home/user/projects/fedena/vendor/plugins/delayed_job/lib/delayed/job.rb:271)
DEPRECATION WARNING: RAILS_ROOT is deprecated. Please use ::Rails.root.to_s. (called from /home/user/projects/fedena/vendor/plugins/fckeditor/lib/fckeditor.rb:4)
DEPRECATION WARNING: Base#before_save has been deprecated, please use Base.before_save :method instead. (called from /home/user/projects/fedena/vendor/plugins/delayed_job/lib/delayed/job.rb:267)
DEPRECATION WARNING: Base#after_create has been deprecated, please use Base.after_create :method instead. (called from /home/user/projects/fedena/vendor/plugins/delayed_job/lib/delayed/job.rb:271)
DEPRECATION WARNING: RAILS_ROOT is deprecated. Please use ::Rails.root.to_s. (called from /home/user/projects/fedena/vendor/plugins/fckeditor/lib/fckeditor.rb:4)
DEPRECATION WARNING: Base#before_save has been deprecated, please use Base.before_save :method instead. (called from /home/user/projects/fedena/vendor/plugins/delayed_job/lib/delayed/job.rb:267)
DEPRECATION WARNING: Base#after_create has been deprecated, please use Base.after_create :method instead. (called from /home/user/projects/fedena/vendor/plugins/delayed_job/lib/delayed/job.rb:271)
DEPRECATION WARNING: RAILS_ROOT is deprecated. Please use ::Rails.root.to_s. (called from /home/user/projects/fedena/vendor/plugins/fckeditor/lib/fckeditor.rb:4)
DEPRECATION WARNING: Base#before_save has been deprecated, please use Base.before_save :method instead. (called from /home/user/projects/fedena/vendor/plugins/delayed_job/lib/delayed/job.rb:267)
DEPRECATION WARNING: Base#after_create has been deprecated, please use Base.after_create :method instead. (called from /home/user/projects/fedena/vendor/plugins/delayed_job/lib/delayed/job.rb:271)
DEPRECATION WARNING: RAILS_ROOT is deprecated. Please use ::Rails.root.to_s. (called from /home/user/projects/fedena/vendor/plugins/fckeditor/lib/fckeditor.rb:4)
DEPRECATION WARNING: Base#before_save has been deprecated, please use Base.before_save :method instead. (called from /home/user/projects/fedena/vendor/plugins/delayed_job/lib/delayed/job.rb:267)
DEPRECATION WARNING: Base#after_create has been deprecated, please use Base.after_create :method instead. (called from /home/user/projects/fedena/vendor/plugins/delayed_job/lib/delayed/job.rb:271)
DEPRECATION WARNING: RAILS_ROOT is deprecated. Please use ::Rails.root.to_s. (called from /home/user/projects/fedena/vendor/plugins/fckeditor/lib/fckeditor.rb:4)
DEPRECATION WARNING: Base#before_save has been deprecated, please use Base.before_save :method instead. (called from /home/user/projects/fedena/vendor/plugins/delayed_job/lib/delayed/job.rb:267)
DEPRECATION WARNING: Base#after_create has been deprecated, please use Base.after_create :method instead. (called from /home/user/projects/fedena/vendor/plugins/delayed_job/lib/delayed/job.rb:271)
DEPRECATION WARNING: RAILS_ROOT is deprecated. Please use ::Rails.root.to_s. (called from /home/user/projects/fedena/vendor/plugins/fckeditor/lib/fckeditor.rb:4)
DEPRECATION WARNING: Base#before_save has been deprecated, please use Base.before_save :method instead. (called from /home/user/projects/fedena/vendor/plugins/delayed_job/lib/delayed/job.rb:267)
DEPRECATION WARNING: Base#after_create has been deprecated, please use Base.after_create :method instead. (called from /home/user/projects/fedena/vendor/plugins/delayed_job/lib/delayed/job.rb:271)
DEPRECATION WARNING: Base#before_save has been deprecated, please use Base.before_save :method instead. (called from /home/user/projects/fedena/vendor/plugins/delayed_job/lib/delayed/job.rb:267)
DEPRECATION WARNING: Base#after_create has been deprecated, please use Base.after_create :method instead. (called from /home/user/projects/fedena/vendor/plugins/delayed_job/lib/delayed/job.rb:271)
DEPRECATION WARNING: Base#before_save has been deprecated, please use Base.before_save :method instead. (called from /home/user/projects/fedena/vendor/plugins/delayed_job/lib/delayed/job.rb:267)
DEPRECATION WARNING: Base#after_create has been deprecated, please use Base.after_create :method instead. (called from /home/user/projects/fedena/vendor/plugins/delayed_job/lib/delayed/job.rb:271)
DEPRECATION WARNING: RAILS_ROOT is deprecated. Please use ::Rails.root.to_s. (called from /home/user/projects/fedena/vendor/plugins/fckeditor/lib/fckeditor.rb:4)
DEPRECATION WARNING: Base#before_save has been deprecated, please use Base.before_save :method instead. (called from /home/user/projects/fedena/vendor/plugins/delayed_job/lib/delayed/job.rb:267)
DEPRECATION WARNING: Base#after_create has been deprecated, please use Base.after_create :method instead. (called from /home/user/projects/fedena/vendor/plugins/delayed_job/lib/delayed/job.rb:271)
DEPRECATION WARNING: RAILS_ROOT is deprecated. Please use ::Rails.root.to_s. (called from /home/user/projects/fedena/vendor/plugins/fckeditor/lib/fckeditor.rb:4)
DEPRECATION WARNING: Base#before_save has been deprecated, please use Base.before_save :method instead. (called from /home/user/projects/fedena/vendor/plugins/delayed_job/lib/delayed/job.rb:267)
DEPRECATION WARNING: Base#after_create has been deprecated, please use Base.after_create :method instead. (called from /home/user/projects/fedena/vendor/plugins/delayed_job/lib/delayed/job.rb:271)
DEPRECATION WARNING: RAILS_ROOT is deprecated. Please use ::Rails.root.to_s. (called from /home/user/projects/fedena/vendor/plugins/fckeditor/lib/fckeditor.rb:4)
DEPRECATION WARNING: Base#before_save has been deprecated, please use Base.before_save :method instead. (called from /home/user/projects/fedena/vendor/plugins/delayed_job/lib/delayed/job.rb:267)
DEPRECATION WARNING: Base#after_create has been deprecated, please use Base.after_create :method instead. (called from /home/user/projects/fedena/vendor/plugins/delayed_job/lib/delayed/job.rb:271)
DEPRECATION WARNING: RAILS_ROOT is deprecated. Please use ::Rails.root.to_s. (called from /home/user/projects/fedena/vendor/plugins/fckeditor/lib/fckeditor.rb:4)
DEPRECATION WARNING: Base#before_save has been deprecated, please use Base.before_save :method instead. (called from /home/user/projects/fedena/vendor/plugins/delayed_job/lib/delayed/job.rb:267)
DEPRECATION WARNING: Base#after_create has been deprecated, please use Base.after_create :method instead. (called from /home/user/projects/fedena/vendor/plugins/delayed_job/lib/delayed/job.rb:271)
DEPRECATION WARNING: RAILS_ROOT is deprecated. Please use ::Rails.root.to_s. (called from /home/user/projects/fedena/vendor/plugins/fckeditor/lib/fckeditor.rb:4)
DEPRECATION WARNING: Base#before_save has been deprecated, please use Base.before_save :method instead. (called from /home/user/projects/fedena/vendor/plugins/delayed_job/lib/delayed/job.rb:267)
DEPRECATION WARNING: Base#after_create has been deprecated, please use Base.after_create :method instead. (called from /home/user/projects/fedena/vendor/plugins/delayed_job/lib/delayed/job.rb:271)
DEPRECATION WARNING: RAILS_ROOT is deprecated. Please use ::Rails.root.to_s. (called from /home/user/projects/fedena/vendor/plugins/fckeditor/lib/fckeditor.rb:4)
DEPRECATION WARNING: Base#before_save has been deprecated, please use Base.before_save :method instead. (called from /home/user/projects/fedena/vendor/plugins/delayed_job/lib/delayed/job.rb:267)
DEPRECATION WARNING: Base#after_create has been deprecated, please use Base.after_create :method instead. (called from /home/user/projects/fedena/vendor/plugins/delayed_job/lib/delayed/job.rb:271)
DEPRECATION WARNING: RAILS_ROOT is deprecated. Please use ::Rails.root.to_s. (called from /home/user/projects/fedena/vendor/plugins/fckeditor/lib/fckeditor.rb:4)
DEPRECATION WARNING: Base#before_save has been deprecated, please use Base.before_save :method instead. (called from /home/user/projects/fedena/vendor/plugins/delayed_job/lib/delayed/job.rb:267)
DEPRECATION WARNING: Base#after_create has been deprecated, please use Base.after_create :method instead. (called from /home/user/projects/fedena/vendor/plugins/delayed_job/lib/delayed/job.rb:271)
DEPRECATION WARNING: RAILS_ROOT is deprecated. Please use ::Rails.root.to_s. (called from /home/user/projects/fedena/vendor/plugins/fckeditor/lib/fckeditor.rb:4)
DEPRECATION WARNING: Base#before_save has been deprecated, please use Base.before_save :method instead. (called from /home/user/projects/fedena/vendor/plugins/delayed_job/lib/delayed/job.rb:267)
DEPRECATION WARNING: Base#after_create has been deprecated, please use Base.after_create :method instead. (called from /home/user/projects/fedena/vendor/plugins/delayed_job/lib/delayed/job.rb:271)
DEPRECATION WARNING: RAILS_ROOT is deprecated. Please use ::Rails.root.to_s. (called from /home/user/projects/fedena/vendor/plugins/fckeditor/lib/fckeditor.rb:4)
DEPRECATION WARNING: Base#before_save has been deprecated, please use Base.before_save :method instead. (called from /home/user/projects/fedena/vendor/plugins/delayed_job/lib/delayed/job.rb:267)
DEPRECATION WARNING: Base#after_create has been deprecated, please use Base.after_create :method instead. (called from /home/user/projects/fedena/vendor/plugins/delayed_job/lib/delayed/job.rb:271)
DEPRECATION WARNING: RAILS_ROOT is deprecated. Please use ::Rails.root.to_s. (called from /home/user/projects/fedena/vendor/plugins/fckeditor/lib/fckeditor.rb:4)
